<?xml version="1.0" encoding="UTF-8"?>
<testng-results ignored="0" total="5" passed="4" failed="1" skipped="0">
  <reporter-output>
  </reporter-output>
  <suite started-at="2022-10-11T15:19:22 IST" name="Suite" finished-at="2022-10-11T15:20:11 IST" duration-ms="48978">
    <groups>
    </groups>
    <test started-at="2022-10-11T15:19:22 IST" name="Test" finished-at="2022-10-11T15:20:11 IST" duration-ms="48978">
      <class name="com.SauceDemoTestClasses.TC_5VerifyDropDownFunct">
        <test-method is-config="true" signature="setUp(java.lang.String)[pri:0, instance:com.SauceDemoTestClasses.TC_5VerifyDropDownFunct@6e171cd7]" started-at="2022-10-11T15:19:57 IST" name="setUp" finished-at="2022-10-11T15:20:05 IST" duration-ms="8182" status="PASS">
          <params>
            <param index="0">
              <value>
                <![CDATA[chrome]]>
              </value>
            </param>
          </params>
          <reporter-output>
          </reporter-output>
        </test-method> <!-- setUp -->
        <test-method signature="VerifyDropDown()[pri:0, instance:com.SauceDemoTestClasses.TC_5VerifyDropDownFunct@6e171cd7]" started-at="2022-10-11T15:20:05 IST" name="VerifyDropDown" finished-at="2022-10-11T15:20:11 IST" duration-ms="5628" status="PASS">
          <reporter-output>
          </reporter-output>
        </test-method> <!-- VerifyDropDown -->
        <test-method is-config="true" signature="tearDown()[pri:0, instance:com.SauceDemoTestClasses.TC_5VerifyDropDownFunct@6e171cd7]" started-at="2022-10-11T15:20:11 IST" name="tearDown" finished-at="2022-10-11T15:20:11 IST" duration-ms="80" status="PASS">
          <reporter-output>
          </reporter-output>
        </test-method> <!-- tearDown -->
      </class> <!-- com.SauceDemoTestClasses.TC_5VerifyDropDownFunct -->
      <class name="com.SauceDemoTestClasses.TC_01loginfuncTestClass">
        <test-method is-config="true" signature="setUp(java.lang.String)[pri:0, instance:com.SauceDemoTestClasses.TC_01loginfuncTestClass@50a638b5]" started-at="2022-10-11T15:19:22 IST" name="setUp" finished-at="2022-10-11T15:19:31 IST" duration-ms="8896" status="PASS">
          <params>
            <param index="0">
              <value>
                <![CDATA[chrome]]>
              </value>
            </param>
          </params>
          <reporter-output>
          </reporter-output>
        </test-method> <!-- setUp -->
        <test-method signature="verify_login_Functionality()[pri:0, instance:com.SauceDemoTestClasses.TC_01loginfuncTestClass@50a638b5]" started-at="2022-10-11T15:19:31 IST" name="verify_login_Functionality" finished-at="2022-10-11T15:19:32 IST" duration-ms="533" status="PASS">
          <reporter-output>
          </reporter-output>
        </test-method> <!-- verify_login_Functionality -->
        <test-method is-config="true" signature="tearDown()[pri:0, instance:com.SauceDemoTestClasses.TC_01loginfuncTestClass@50a638b5]" started-at="2022-10-11T15:19:32 IST" name="tearDown" finished-at="2022-10-11T15:19:32 IST" duration-ms="133" status="PASS">
          <reporter-output>
          </reporter-output>
        </test-method> <!-- tearDown -->
      </class> <!-- com.SauceDemoTestClasses.TC_01loginfuncTestClass -->
      <class name="com.SauceDemoTestClasses.TC_04VerifyAllProductAddFunctionality">
        <test-method is-config="true" signature="setUp(java.lang.String)[pri:0, instance:com.SauceDemoTestClasses.TC_04VerifyAllProductAddFunctionality@498d318c]" started-at="2022-10-11T15:19:49 IST" name="setUp" finished-at="2022-10-11T15:19:56 IST" duration-ms="7819" status="PASS">
          <params>
            <param index="0">
              <value>
                <![CDATA[chrome]]>
              </value>
            </param>
          </params>
          <reporter-output>
          </reporter-output>
        </test-method> <!-- setUp -->
        <test-method signature="verifyAllProductFunc()[pri:0, instance:com.SauceDemoTestClasses.TC_04VerifyAllProductAddFunctionality@498d318c]" started-at="2022-10-11T15:19:56 IST" name="verifyAllProductFunc" finished-at="2022-10-11T15:19:57 IST" duration-ms="736" status="PASS">
          <reporter-output>
          </reporter-output>
        </test-method> <!-- verifyAllProductFunc -->
        <test-method is-config="true" signature="tearDown()[pri:0, instance:com.SauceDemoTestClasses.TC_04VerifyAllProductAddFunctionality@498d318c]" started-at="2022-10-11T15:19:57 IST" name="tearDown" finished-at="2022-10-11T15:19:57 IST" duration-ms="117" status="PASS">
          <reporter-output>
          </reporter-output>
        </test-method> <!-- tearDown -->
      </class> <!-- com.SauceDemoTestClasses.TC_04VerifyAllProductAddFunctionality -->
      <class name="com.SauceDemoTestClasses.TC_02VerifylogoutFunctionality">
        <test-method is-config="true" signature="setUp(java.lang.String)[pri:0, instance:com.SauceDemoTestClasses.TC_02VerifylogoutFunctionality@479d31f3]" started-at="2022-10-11T15:19:32 IST" name="setUp" finished-at="2022-10-11T15:19:40 IST" duration-ms="8235" status="PASS">
          <params>
            <param index="0">
              <value>
                <![CDATA[chrome]]>
              </value>
            </param>
          </params>
          <reporter-output>
          </reporter-output>
        </test-method> <!-- setUp -->
        <test-method signature="verify_logOutFunct()[pri:0, instance:com.SauceDemoTestClasses.TC_02VerifylogoutFunctionality@479d31f3]" started-at="2022-10-11T15:19:40 IST" name="verify_logOutFunct" finished-at="2022-10-11T15:19:40 IST" duration-ms="102" status="FAIL">
          <exception class="org.openqa.selenium.ElementNotInteractableException">
            <message>
              <![CDATA[element not interactable
  (Session info: chrome=106.0.5249.103)
Build info: version: '3.141.59', revision: 'e82be7d358', time: '2018-11-14T08:17:03'
System info: host: 'LAPTOP-R0LDLEQH', ip: '192.168.227.73', os.name: 'Windows 11', os.arch: 'amd64', os.version: '10.0', java.version: '17.0.3.1'
Driver info: org.openqa.selenium.chrome.ChromeDriver
Capabilities {acceptInsecureCerts: false, browserName: chrome, browserVersion: 106.0.5249.103, chrome: {chromedriverVersion: 105.0.5195.52 (412c95e51883..., userDataDir: C:\Users\ASUS\AppData\Local...}, goog:chromeOptions: {debuggerAddress: localhost:55990}, javascriptEnabled: true, networkConnectionEnabled: false, pageLoadStrategy: normal, platform: WINDOWS, platformName: WINDOWS, proxy: Proxy(), setWindowRect: true, strictFileInteractability: false, timeouts: {implicit: 0, pageLoad: 300000, script: 30000}, unhandledPromptBehavior: dismiss and notify, webauthn:extension:credBlob: true, webauthn:extension:largeBlob: true, webauthn:virtualAuthenticators: true}
Session ID: 682ac497138199bd86316ba3888078ff]]>
            </message>
            <full-stacktrace>
              <![CDATA[org.openqa.selenium.ElementNotInteractableException: element not interactable
  (Session info: chrome=106.0.5249.103)
Build info: version: '3.141.59', revision: 'e82be7d358', time: '2018-11-14T08:17:03'
System info: host: 'LAPTOP-R0LDLEQH', ip: '192.168.227.73', os.name: 'Windows 11', os.arch: 'amd64', os.version: '10.0', java.version: '17.0.3.1'
Driver info: org.openqa.selenium.chrome.ChromeDriver
Capabilities {acceptInsecureCerts: false, browserName: chrome, browserVersion: 106.0.5249.103, chrome: {chromedriverVersion: 105.0.5195.52 (412c95e51883..., userDataDir: C:\Users\ASUS\AppData\Local...}, goog:chromeOptions: {debuggerAddress: localhost:55990}, javascriptEnabled: true, networkConnectionEnabled: false, pageLoadStrategy: normal, platform: WINDOWS, platformName: WINDOWS, proxy: Proxy(), setWindowRect: true, strictFileInteractability: false, timeouts: {implicit: 0, pageLoad: 300000, script: 30000}, unhandledPromptBehavior: dismiss and notify, webauthn:extension:credBlob: true, webauthn:extension:largeBlob: true, webauthn:virtualAuthenticators: true}
Session ID: 682ac497138199bd86316ba3888078ff
at java.base/jdk.internal.reflect.NativeConstructorAccessorImpl.newInstance0(Native Method)
at java.base/jdk.internal.reflect.NativeConstructorAccessorImpl.newInstance(NativeConstructorAccessorImpl.java:77)
at java.base/jdk.internal.reflect.DelegatingConstructorAccessorImpl.newInstance(DelegatingConstructorAccessorImpl.java:45)
at java.base/java.lang.reflect.Constructor.newInstanceWithCaller(Constructor.java:499)
at java.base/java.lang.reflect.Constructor.newInstance(Constructor.java:480)
at org.openqa.selenium.remote.http.W3CHttpResponseCodec.createException(W3CHttpResponseCodec.java:187)
at org.openqa.selenium.remote.http.W3CHttpResponseCodec.decode(W3CHttpResponseCodec.java:122)
at org.openqa.selenium.remote.http.W3CHttpResponseCodec.decode(W3CHttpResponseCodec.java:49)
at org.openqa.selenium.remote.HttpCommandExecutor.execute(HttpCommandExecutor.java:158)
at org.openqa.selenium.remote.service.DriverCommandExecutor.execute(DriverCommandExecutor.java:83)
at org.openqa.selenium.remote.RemoteWebDriver.execute(RemoteWebDriver.java:552)
at org.openqa.selenium.remote.RemoteWebElement.execute(RemoteWebElement.java:285)
at org.openqa.selenium.remote.RemoteWebElement.click(RemoteWebElement.java:84)
at java.base/jdk.internal.reflect.NativeMethodAccessorImpl.invoke0(Native Method)
at java.base/jdk.internal.reflect.NativeMethodAccessorImpl.invoke(NativeMethodAccessorImpl.java:77)
at java.base/jdk.internal.reflect.DelegatingMethodAccessorImpl.invoke(DelegatingMethodAccessorImpl.java:43)
at java.base/java.lang.reflect.Method.invoke(Method.java:568)
at org.openqa.selenium.support.pagefactory.internal.LocatingElementHandler.invoke(LocatingElementHandler.java:51)
at jdk.proxy2/jdk.proxy2.$Proxy14.click(Unknown Source)
at com.SauceDemo.POMclasses._2homepagePOMclass.clickonLogoutclick(_2homepagePOMclass.java:33)
at com.SauceDemoTestClasses.TC_02VerifylogoutFunctionality.verify_logOutFunct(TC_02VerifylogoutFunctionality.java:32)
at java.base/jdk.internal.reflect.NativeMethodAccessorImpl.invoke0(Native Method)
at java.base/jdk.internal.reflect.NativeMethodAccessorImpl.invoke(NativeMethodAccessorImpl.java:77)
at java.base/jdk.internal.reflect.DelegatingMethodAccessorImpl.invoke(DelegatingMethodAccessorImpl.java:43)
at java.base/java.lang.reflect.Method.invoke(Method.java:568)
at org.testng.internal.MethodInvocationHelper.invokeMethod(MethodInvocationHelper.java:133)
at org.testng.internal.TestInvoker.invokeMethod(TestInvoker.java:598)
at org.testng.internal.TestInvoker.invokeTestMethod(TestInvoker.java:173)
at org.testng.internal.MethodRunner.runInSequence(MethodRunner.java:46)
at org.testng.internal.TestInvoker$MethodInvocationAgent.invoke(TestInvoker.java:824)
at org.testng.internal.TestInvoker.invokeTestMethods(TestInvoker.java:146)
at org.testng.internal.TestMethodWorker.invokeTestMethods(TestMethodWorker.java:146)
at org.testng.internal.TestMethodWorker.run(TestMethodWorker.java:128)
at java.base/java.util.ArrayList.forEach(ArrayList.java:1511)
at org.testng.TestRunner.privateRun(TestRunner.java:794)
at org.testng.TestRunner.run(TestRunner.java:596)
at org.testng.SuiteRunner.runTest(SuiteRunner.java:377)
at org.testng.SuiteRunner.runSequentially(SuiteRunner.java:371)
at org.testng.SuiteRunner.privateRun(SuiteRunner.java:332)
at org.testng.SuiteRunner.run(SuiteRunner.java:276)
at org.testng.SuiteRunnerWorker.runSuite(SuiteRunnerWorker.java:53)
at org.testng.SuiteRunnerWorker.run(SuiteRunnerWorker.java:96)
at org.testng.TestNG.runSuitesSequentially(TestNG.java:1212)
at org.testng.TestNG.runSuitesLocally(TestNG.java:1134)
at org.testng.TestNG.runSuites(TestNG.java:1063)
at org.testng.TestNG.run(TestNG.java:1031)
at org.testng.remote.AbstractRemoteTestNG.run(AbstractRemoteTestNG.java:115)
at org.testng.remote.RemoteTestNG.initAndRun(RemoteTestNG.java:251)
at org.testng.remote.RemoteTestNG.main(RemoteTestNG.java:77)
]]>
            </full-stacktrace>
          </exception> <!-- org.openqa.selenium.ElementNotInteractableException -->
          <reporter-output>
          </reporter-output>
        </test-method> <!-- verify_logOutFunct -->
        <test-method is-config="true" signature="tearDown()[pri:0, instance:com.SauceDemoTestClasses.TC_02VerifylogoutFunctionality@479d31f3]" started-at="2022-10-11T15:19:40 IST" name="tearDown" finished-at="2022-10-11T15:19:40 IST" duration-ms="149" status="PASS">
          <reporter-output>
          </reporter-output>
        </test-method> <!-- tearDown -->
      </class> <!-- com.SauceDemoTestClasses.TC_02VerifylogoutFunctionality -->
      <class name="com.SauceDemoTestClasses.TC_03VerifyBagAddtofunctionality">
        <test-method is-config="true" signature="setUp(java.lang.String)[pri:0, instance:com.SauceDemoTestClasses.TC_03VerifyBagAddtofunctionality@40ef3420]" started-at="2022-10-11T15:19:40 IST" name="setUp" finished-at="2022-10-11T15:19:48 IST" duration-ms="7764" status="PASS">
          <params>
            <param index="0">
              <value>
                <![CDATA[chrome]]>
              </value>
            </param>
          </params>
          <reporter-output>
          </reporter-output>
        </test-method> <!-- setUp -->
        <test-method signature="verify_bagProductFunct()[pri:0, instance:com.SauceDemoTestClasses.TC_03VerifyBagAddtofunctionality@40ef3420]" started-at="2022-10-11T15:19:48 IST" name="verify_bagProductFunct" finished-at="2022-10-11T15:19:49 IST" duration-ms="462" status="PASS">
          <reporter-output>
          </reporter-output>
        </test-method> <!-- verify_bagProductFunct -->
        <test-method is-config="true" signature="tearDown()[pri:0, instance:com.SauceDemoTestClasses.TC_03VerifyBagAddtofunctionality@40ef3420]" started-at="2022-10-11T15:19:49 IST" name="tearDown" finished-at="2022-10-11T15:19:49 IST" duration-ms="91" status="PASS">
          <reporter-output>
          </reporter-output>
        </test-method> <!-- tearDown -->
      </class> <!-- com.SauceDemoTestClasses.TC_03VerifyBagAddtofunctionality -->
    </test> <!-- Test -->
  </suite> <!-- Suite -->
</testng-results>
